{"/Users/thangaakilan/Documents/ACE-25-NODEJS/cdwConnect/controllers/post.controller.js": {"path":"/Users/thangaakilan/Documents/ACE-25-NODEJS/cdwConnect/controllers/post.controller.js","statementMap":{"0":{"start":{"line":4,"column":36},"end":{"line":25,"column":1}},"1":{"start":{"line":5,"column":4},"end":{"line":24,"column":5}},"2":{"start":{"line":6,"column":25},"end":{"line":6,"column":33}},"3":{"start":{"line":7,"column":29},"end":{"line":7,"column":37}},"4":{"start":{"line":8,"column":8},"end":{"line":12,"column":9}},"5":{"start":{"line":9,"column":26},"end":{"line":9,"column":61}},"6":{"start":{"line":10,"column":12},"end":{"line":10,"column":35}},"7":{"start":{"line":11,"column":12},"end":{"line":11,"column":24}},"8":{"start":{"line":13,"column":8},"end":{"line":17,"column":9}},"9":{"start":{"line":14,"column":26},"end":{"line":14,"column":61}},"10":{"start":{"line":15,"column":12},"end":{"line":15,"column":35}},"11":{"start":{"line":16,"column":12},"end":{"line":16,"column":24}},"12":{"start":{"line":18,"column":8},"end":{"line":18,"column":47}},"13":{"start":{"line":19,"column":8},"end":{"line":19,"column":66}},"14":{"start":{"line":20,"column":8},"end":{"line":20,"column":45}},"15":{"start":{"line":23,"column":8},"end":{"line":23,"column":20}},"16":{"start":{"line":27,"column":37},"end":{"line":39,"column":1}},"17":{"start":{"line":28,"column":4},"end":{"line":38,"column":5}},"18":{"start":{"line":29,"column":22},"end":{"line":29,"column":24}},"19":{"start":{"line":30,"column":21},"end":{"line":30,"column":36}},"20":{"start":{"line":31,"column":8},"end":{"line":31,"column":37}},"21":{"start":{"line":31,"column":17},"end":{"line":31,"column":37}},"22":{"start":{"line":32,"column":22},"end":{"line":32,"column":46}},"23":{"start":{"line":33,"column":8},"end":{"line":33,"column":44}},"24":{"start":{"line":34,"column":8},"end":{"line":34,"column":24}},"25":{"start":{"line":37,"column":8},"end":{"line":37,"column":20}},"26":{"start":{"line":42,"column":38},"end":{"line":57,"column":1}},"27":{"start":{"line":43,"column":4},"end":{"line":56,"column":5}},"28":{"start":{"line":44,"column":23},"end":{"line":44,"column":40}},"29":{"start":{"line":45,"column":8},"end":{"line":49,"column":9}},"30":{"start":{"line":46,"column":26},"end":{"line":46,"column":67}},"31":{"start":{"line":47,"column":12},"end":{"line":47,"column":35}},"32":{"start":{"line":48,"column":12},"end":{"line":48,"column":24}},"33":{"start":{"line":50,"column":22},"end":{"line":50,"column":47}},"34":{"start":{"line":51,"column":8},"end":{"line":51,"column":58}},"35":{"start":{"line":52,"column":8},"end":{"line":52,"column":24}},"36":{"start":{"line":55,"column":8},"end":{"line":55,"column":20}},"37":{"start":{"line":59,"column":36},"end":{"line":80,"column":1}},"38":{"start":{"line":60,"column":4},"end":{"line":79,"column":5}},"39":{"start":{"line":61,"column":29},"end":{"line":61,"column":37}},"40":{"start":{"line":62,"column":23},"end":{"line":62,"column":42}},"41":{"start":{"line":63,"column":8},"end":{"line":67,"column":9}},"42":{"start":{"line":64,"column":26},"end":{"line":64,"column":61}},"43":{"start":{"line":65,"column":12},"end":{"line":65,"column":35}},"44":{"start":{"line":66,"column":12},"end":{"line":66,"column":24}},"45":{"start":{"line":68,"column":8},"end":{"line":72,"column":9}},"46":{"start":{"line":69,"column":26},"end":{"line":69,"column":59}},"47":{"start":{"line":70,"column":12},"end":{"line":70,"column":35}},"48":{"start":{"line":71,"column":12},"end":{"line":71,"column":24}},"49":{"start":{"line":73,"column":23},"end":{"line":73,"column":59}},"50":{"start":{"line":74,"column":8},"end":{"line":74,"column":53}},"51":{"start":{"line":75,"column":8},"end":{"line":75,"column":56}},"52":{"start":{"line":78,"column":8},"end":{"line":78,"column":20}},"53":{"start":{"line":82,"column":34},"end":{"line":104,"column":1}},"54":{"start":{"line":83,"column":4},"end":{"line":103,"column":5}},"55":{"start":{"line":84,"column":29},"end":{"line":84,"column":37}},"56":{"start":{"line":85,"column":23},"end":{"line":85,"column":40}},"57":{"start":{"line":86,"column":8},"end":{"line":90,"column":9}},"58":{"start":{"line":87,"column":26},"end":{"line":87,"column":61}},"59":{"start":{"line":88,"column":12},"end":{"line":88,"column":35}},"60":{"start":{"line":89,"column":12},"end":{"line":89,"column":24}},"61":{"start":{"line":91,"column":8},"end":{"line":95,"column":9}},"62":{"start":{"line":92,"column":26},"end":{"line":92,"column":59}},"63":{"start":{"line":93,"column":12},"end":{"line":93,"column":35}},"64":{"start":{"line":94,"column":12},"end":{"line":94,"column":24}},"65":{"start":{"line":96,"column":8},"end":{"line":96,"column":50}},"66":{"start":{"line":97,"column":8},"end":{"line":97,"column":70}},"67":{"start":{"line":98,"column":8},"end":{"line":98,"column":35}},"68":{"start":{"line":102,"column":8},"end":{"line":102,"column":20}},"69":{"start":{"line":106,"column":37},"end":{"line":133,"column":1}},"70":{"start":{"line":107,"column":4},"end":{"line":132,"column":5}},"71":{"start":{"line":108,"column":29},"end":{"line":108,"column":38}},"72":{"start":{"line":109,"column":23},"end":{"line":109,"column":42}},"73":{"start":{"line":110,"column":24},"end":{"line":110,"column":42}},"74":{"start":{"line":111,"column":8},"end":{"line":115,"column":9}},"75":{"start":{"line":112,"column":26},"end":{"line":112,"column":61}},"76":{"start":{"line":113,"column":12},"end":{"line":113,"column":35}},"77":{"start":{"line":114,"column":12},"end":{"line":114,"column":24}},"78":{"start":{"line":116,"column":8},"end":{"line":120,"column":9}},"79":{"start":{"line":117,"column":26},"end":{"line":117,"column":59}},"80":{"start":{"line":118,"column":12},"end":{"line":118,"column":35}},"81":{"start":{"line":119,"column":12},"end":{"line":119,"column":24}},"82":{"start":{"line":121,"column":8},"end":{"line":125,"column":9}},"83":{"start":{"line":122,"column":26},"end":{"line":122,"column":59}},"84":{"start":{"line":123,"column":12},"end":{"line":123,"column":35}},"85":{"start":{"line":124,"column":12},"end":{"line":124,"column":24}},"86":{"start":{"line":126,"column":8},"end":{"line":126,"column":62}},"87":{"start":{"line":127,"column":8},"end":{"line":127,"column":61}},"88":{"start":{"line":128,"column":8},"end":{"line":128,"column":47}},"89":{"start":{"line":131,"column":8},"end":{"line":131,"column":20}}},"fnMap":{"0":{"name":"(anonymous_0)","decl":{"start":{"line":4,"column":36},"end":{"line":4,"column":37}},"loc":{"start":{"line":4,"column":62},"end":{"line":25,"column":1}},"line":4},"1":{"name":"(anonymous_1)","decl":{"start":{"line":27,"column":37},"end":{"line":27,"column":38}},"loc":{"start":{"line":27,"column":63},"end":{"line":39,"column":1}},"line":27},"2":{"name":"(anonymous_2)","decl":{"start":{"line":42,"column":38},"end":{"line":42,"column":39}},"loc":{"start":{"line":42,"column":64},"end":{"line":57,"column":1}},"line":42},"3":{"name":"(anonymous_3)","decl":{"start":{"line":59,"column":36},"end":{"line":59,"column":37}},"loc":{"start":{"line":59,"column":62},"end":{"line":80,"column":1}},"line":59},"4":{"name":"(anonymous_4)","decl":{"start":{"line":82,"column":34},"end":{"line":82,"column":35}},"loc":{"start":{"line":82,"column":60},"end":{"line":104,"column":1}},"line":82},"5":{"name":"(anonymous_5)","decl":{"start":{"line":106,"column":37},"end":{"line":106,"column":38}},"loc":{"start":{"line":106,"column":63},"end":{"line":133,"column":1}},"line":106}},"branchMap":{"0":{"loc":{"start":{"line":8,"column":8},"end":{"line":12,"column":9}},"type":"if","locations":[{"start":{"line":8,"column":8},"end":{"line":12,"column":9}},{"start":{},"end":{}}],"line":8},"1":{"loc":{"start":{"line":13,"column":8},"end":{"line":17,"column":9}},"type":"if","locations":[{"start":{"line":13,"column":8},"end":{"line":17,"column":9}},{"start":{},"end":{}}],"line":13},"2":{"loc":{"start":{"line":31,"column":8},"end":{"line":31,"column":37}},"type":"if","locations":[{"start":{"line":31,"column":8},"end":{"line":31,"column":37}},{"start":{},"end":{}}],"line":31},"3":{"loc":{"start":{"line":45,"column":8},"end":{"line":49,"column":9}},"type":"if","locations":[{"start":{"line":45,"column":8},"end":{"line":49,"column":9}},{"start":{},"end":{}}],"line":45},"4":{"loc":{"start":{"line":63,"column":8},"end":{"line":67,"column":9}},"type":"if","locations":[{"start":{"line":63,"column":8},"end":{"line":67,"column":9}},{"start":{},"end":{}}],"line":63},"5":{"loc":{"start":{"line":68,"column":8},"end":{"line":72,"column":9}},"type":"if","locations":[{"start":{"line":68,"column":8},"end":{"line":72,"column":9}},{"start":{},"end":{}}],"line":68},"6":{"loc":{"start":{"line":86,"column":8},"end":{"line":90,"column":9}},"type":"if","locations":[{"start":{"line":86,"column":8},"end":{"line":90,"column":9}},{"start":{},"end":{}}],"line":86},"7":{"loc":{"start":{"line":91,"column":8},"end":{"line":95,"column":9}},"type":"if","locations":[{"start":{"line":91,"column":8},"end":{"line":95,"column":9}},{"start":{},"end":{}}],"line":91},"8":{"loc":{"start":{"line":111,"column":8},"end":{"line":115,"column":9}},"type":"if","locations":[{"start":{"line":111,"column":8},"end":{"line":115,"column":9}},{"start":{},"end":{}}],"line":111},"9":{"loc":{"start":{"line":116,"column":8},"end":{"line":120,"column":9}},"type":"if","locations":[{"start":{"line":116,"column":8},"end":{"line":120,"column":9}},{"start":{},"end":{}}],"line":116},"10":{"loc":{"start":{"line":121,"column":8},"end":{"line":125,"column":9}},"type":"if","locations":[{"start":{"line":121,"column":8},"end":{"line":125,"column":9}},{"start":{},"end":{}}],"line":121}},"s":{"0":1,"1":3,"2":3,"3":3,"4":3,"5":1,"6":1,"7":1,"8":2,"9":1,"10":1,"11":1,"12":1,"13":1,"14":1,"15":2,"16":1,"17":2,"18":2,"19":2,"20":2,"21":1,"22":2,"23":2,"24":2,"25":0,"26":1,"27":1,"28":1,"29":1,"30":0,"31":0,"32":0,"33":1,"34":1,"35":1,"36":0,"37":1,"38":3,"39":3,"40":3,"41":3,"42":1,"43":1,"44":1,"45":2,"46":1,"47":1,"48":1,"49":1,"50":1,"51":1,"52":2,"53":1,"54":2,"55":2,"56":2,"57":2,"58":0,"59":0,"60":0,"61":2,"62":1,"63":1,"64":1,"65":1,"66":1,"67":1,"68":1,"69":1,"70":4,"71":4,"72":4,"73":4,"74":4,"75":1,"76":1,"77":1,"78":3,"79":1,"80":1,"81":1,"82":2,"83":1,"84":1,"85":1,"86":1,"87":1,"88":1,"89":3},"f":{"0":3,"1":2,"2":1,"3":3,"4":2,"5":4},"b":{"0":[1,2],"1":[1,1],"2":[1,1],"3":[0,1],"4":[1,2],"5":[1,1],"6":[0,2],"7":[1,1],"8":[1,3],"9":[1,2],"10":[1,1]},"inputSourceMap":null,"_coverageSchema":"1a1c01bbd47fc00a2c39e90264f33305004495a9","hash":"4e684ebb1a47181c0c0be64fd490d2b852d6f07a"}
,"/Users/thangaakilan/Documents/ACE-25-NODEJS/cdwConnect/controllers/search.controller.js": {"path":"/Users/thangaakilan/Documents/ACE-25-NODEJS/cdwConnect/controllers/search.controller.js","statementMap":{"0":{"start":{"line":4,"column":32},"end":{"line":9,"column":1}},"1":{"start":{"line":5,"column":22},"end":{"line":5,"column":32}},"2":{"start":{"line":6,"column":20},"end":{"line":6,"column":48}},"3":{"start":{"line":7,"column":4},"end":{"line":7,"column":55}},"4":{"start":{"line":8,"column":4},"end":{"line":8,"column":22}}},"fnMap":{"0":{"name":"(anonymous_0)","decl":{"start":{"line":4,"column":32},"end":{"line":4,"column":33}},"loc":{"start":{"line":4,"column":58},"end":{"line":9,"column":1}},"line":4}},"branchMap":{},"s":{"0":1,"1":2,"2":2,"3":2,"4":2},"f":{"0":2},"b":{},"inputSourceMap":null,"_coverageSchema":"1a1c01bbd47fc00a2c39e90264f33305004495a9","hash":"032514dd3e4e0f81134049b7f06c88cd1d323082"}
,"/Users/thangaakilan/Documents/ACE-25-NODEJS/cdwConnect/logger/index.js": {"path":"/Users/thangaakilan/Documents/ACE-25-NODEJS/cdwConnect/logger/index.js","statementMap":{"0":{"start":{"line":3,"column":50},"end":{"line":3,"column":64}},"1":{"start":{"line":5,"column":0},"end":{"line":5,"column":16}},"2":{"start":{"line":8,"column":26},"end":{"line":17,"column":2}},"3":{"start":{"line":19,"column":29},"end":{"line":28,"column":2}},"4":{"start":{"line":30,"column":24},"end":{"line":39,"column":2}}},"fnMap":{},"branchMap":{},"s":{"0":3,"1":3,"2":3,"3":3,"4":3},"f":{},"b":{},"inputSourceMap":null,"_coverageSchema":"1a1c01bbd47fc00a2c39e90264f33305004495a9","hash":"801b94a4ea4302cb95c571e2541a38632e1f010a"}
,"/Users/thangaakilan/Documents/ACE-25-NODEJS/cdwConnect/models/User.js": {"path":"/Users/thangaakilan/Documents/ACE-25-NODEJS/cdwConnect/models/User.js","statementMap":{"0":{"start":{"line":3,"column":19},"end":{"line":11,"column":2}},"1":{"start":{"line":13,"column":0},"end":{"line":13,"column":57}},"2":{"start":{"line":15,"column":20},"end":{"line":15,"column":54}}},"fnMap":{},"branchMap":{},"s":{"0":1,"1":1,"2":1},"f":{},"b":{},"inputSourceMap":null,"_coverageSchema":"1a1c01bbd47fc00a2c39e90264f33305004495a9","hash":"8e36bad21c86de197d3e40de8c8a3f1c303b4062"}
,"/Users/thangaakilan/Documents/ACE-25-NODEJS/cdwConnect/services/post.service.js": {"path":"/Users/thangaakilan/Documents/ACE-25-NODEJS/cdwConnect/services/post.service.js","statementMap":{"0":{"start":{"line":5,"column":26},"end":{"line":12,"column":1}},"1":{"start":{"line":6,"column":54},"end":{"line":6,"column":58}},"2":{"start":{"line":8,"column":4},"end":{"line":10,"column":5}},"3":{"start":{"line":9,"column":8},"end":{"line":9,"column":55}},"4":{"start":{"line":11,"column":4},"end":{"line":11,"column":79}},"5":{"start":{"line":14,"column":27},"end":{"line":21,"column":1}},"6":{"start":{"line":15,"column":18},"end":{"line":15,"column":20}},"7":{"start":{"line":17,"column":4},"end":{"line":17,"column":73}},"8":{"start":{"line":17,"column":45},"end":{"line":17,"column":72}},"9":{"start":{"line":18,"column":4},"end":{"line":18,"column":48}},"10":{"start":{"line":18,"column":13},"end":{"line":18,"column":48}},"11":{"start":{"line":19,"column":18},"end":{"line":19,"column":39}},"12":{"start":{"line":20,"column":4},"end":{"line":20,"column":17}},"13":{"start":{"line":23,"column":27},"end":{"line":26,"column":3}},"14":{"start":{"line":24,"column":17},"end":{"line":24,"column":38}},"15":{"start":{"line":25,"column":4},"end":{"line":25,"column":16}},"16":{"start":{"line":29,"column":28},"end":{"line":31,"column":3}},"17":{"start":{"line":30,"column":3},"end":{"line":30,"column":49}},"18":{"start":{"line":33,"column":33},"end":{"line":35,"column":3}},"19":{"start":{"line":34,"column":4},"end":{"line":34,"column":39}},"20":{"start":{"line":37,"column":36},"end":{"line":39,"column":3}},"21":{"start":{"line":38,"column":4},"end":{"line":38,"column":51}}},"fnMap":{"0":{"name":"(anonymous_0)","decl":{"start":{"line":5,"column":26},"end":{"line":5,"column":27}},"loc":{"start":{"line":5,"column":54},"end":{"line":12,"column":1}},"line":5},"1":{"name":"(anonymous_1)","decl":{"start":{"line":14,"column":27},"end":{"line":14,"column":28}},"loc":{"start":{"line":14,"column":43},"end":{"line":21,"column":1}},"line":14},"2":{"name":"(anonymous_2)","decl":{"start":{"line":23,"column":27},"end":{"line":23,"column":28}},"loc":{"start":{"line":23,"column":45},"end":{"line":26,"column":3}},"line":23},"3":{"name":"(anonymous_3)","decl":{"start":{"line":29,"column":28},"end":{"line":29,"column":29}},"loc":{"start":{"line":29,"column":58},"end":{"line":31,"column":3}},"line":29},"4":{"name":"(anonymous_4)","decl":{"start":{"line":33,"column":33},"end":{"line":33,"column":34}},"loc":{"start":{"line":33,"column":63},"end":{"line":35,"column":3}},"line":33},"5":{"name":"(anonymous_5)","decl":{"start":{"line":37,"column":36},"end":{"line":37,"column":37}},"loc":{"start":{"line":37,"column":75},"end":{"line":39,"column":3}},"line":37}},"branchMap":{"0":{"loc":{"start":{"line":8,"column":4},"end":{"line":10,"column":5}},"type":"if","locations":[{"start":{"line":8,"column":4},"end":{"line":10,"column":5}},{"start":{},"end":{}}],"line":8},"1":{"loc":{"start":{"line":8,"column":9},"end":{"line":8,"column":52}},"type":"binary-expr","locations":[{"start":{"line":8,"column":9},"end":{"line":8,"column":14}},{"start":{"line":8,"column":18},"end":{"line":8,"column":26}},{"start":{"line":8,"column":30},"end":{"line":8,"column":41}},{"start":{"line":8,"column":45},"end":{"line":8,"column":52}}],"line":8},"2":{"loc":{"start":{"line":17,"column":4},"end":{"line":17,"column":73}},"type":"if","locations":[{"start":{"line":17,"column":4},"end":{"line":17,"column":73}},{"start":{},"end":{}}],"line":17},"3":{"loc":{"start":{"line":17,"column":7},"end":{"line":17,"column":42}},"type":"binary-expr","locations":[{"start":{"line":17,"column":7},"end":{"line":17,"column":11}},{"start":{"line":17,"column":15},"end":{"line":17,"column":42}}],"line":17},"4":{"loc":{"start":{"line":18,"column":4},"end":{"line":18,"column":48}},"type":"if","locations":[{"start":{"line":18,"column":4},"end":{"line":18,"column":48}},{"start":{},"end":{}}],"line":18}},"s":{"0":1,"1":1,"2":1,"3":0,"4":1,"5":1,"6":1,"7":1,"8":0,"9":1,"10":0,"11":1,"12":1,"13":1,"14":1,"15":1,"16":1,"17":1,"18":1,"19":1,"20":1,"21":0},"f":{"0":1,"1":1,"2":1,"3":1,"4":1,"5":0},"b":{"0":[0,1],"1":[1,1,1,1],"2":[0,1],"3":[1,0],"4":[0,1]},"inputSourceMap":null,"_coverageSchema":"1a1c01bbd47fc00a2c39e90264f33305004495a9","hash":"e84766c68fe8301f0036082f7e0cf0e92264fde0"}
,"/Users/thangaakilan/Documents/ACE-25-NODEJS/cdwConnect/services/search.service.js": {"path":"/Users/thangaakilan/Documents/ACE-25-NODEJS/cdwConnect/services/search.service.js","statementMap":{"0":{"start":{"line":3,"column":29},"end":{"line":6,"column":1}},"1":{"start":{"line":4,"column":20},"end":{"line":4,"column":41}},"2":{"start":{"line":5,"column":4},"end":{"line":5,"column":19}}},"fnMap":{"0":{"name":"(anonymous_0)","decl":{"start":{"line":3,"column":29},"end":{"line":3,"column":30}},"loc":{"start":{"line":3,"column":48},"end":{"line":6,"column":1}},"line":3}},"branchMap":{},"s":{"0":1,"1":1,"2":1},"f":{"0":1},"b":{},"inputSourceMap":null,"_coverageSchema":"1a1c01bbd47fc00a2c39e90264f33305004495a9","hash":"e18a0bfc24e48a3fcbec0f12c04a3b7b3cc51c3b"}
,"/Users/thangaakilan/Documents/ACE-25-NODEJS/cdwConnect/utils/sendMail.js": {"path":"/Users/thangaakilan/Documents/ACE-25-NODEJS/cdwConnect/utils/sendMail.js","statementMap":{"0":{"start":{"line":6,"column":4},"end":{"line":14,"column":5}},"1":{"start":{"line":17,"column":24},"end":{"line":38,"column":1}},"2":{"start":{"line":19,"column":0},"end":{"line":21,"column":1}},"3":{"start":{"line":20,"column":4},"end":{"line":20,"column":42}},"4":{"start":{"line":22,"column":18},"end":{"line":27,"column":1}},"5":{"start":{"line":29,"column":0},"end":{"line":37,"column":11}},"6":{"start":{"line":32,"column":12},"end":{"line":36,"column":13}},"7":{"start":{"line":33,"column":16},"end":{"line":33,"column":69}},"8":{"start":{"line":35,"column":16},"end":{"line":35,"column":75}}},"fnMap":{"0":{"name":"(anonymous_0)","decl":{"start":{"line":17,"column":24},"end":{"line":17,"column":25}},"loc":{"start":{"line":17,"column":44},"end":{"line":38,"column":1}},"line":17},"1":{"name":"(anonymous_1)","decl":{"start":{"line":31,"column":8},"end":{"line":31,"column":9}},"loc":{"start":{"line":31,"column":29},"end":{"line":37,"column":9}},"line":31}},"branchMap":{"0":{"loc":{"start":{"line":19,"column":0},"end":{"line":21,"column":1}},"type":"if","locations":[{"start":{"line":19,"column":0},"end":{"line":21,"column":1}},{"start":{},"end":{}}],"line":19},"1":{"loc":{"start":{"line":19,"column":5},"end":{"line":19,"column":21}},"type":"binary-expr","locations":[{"start":{"line":19,"column":5},"end":{"line":19,"column":11}},{"start":{"line":19,"column":15},"end":{"line":19,"column":21}}],"line":19},"2":{"loc":{"start":{"line":32,"column":12},"end":{"line":36,"column":13}},"type":"if","locations":[{"start":{"line":32,"column":12},"end":{"line":36,"column":13}},{"start":{"line":34,"column":19},"end":{"line":36,"column":13}}],"line":32}},"s":{"0":1,"1":1,"2":0,"3":0,"4":0,"5":0,"6":0,"7":0,"8":0},"f":{"0":0,"1":0},"b":{"0":[0,0],"1":[0,0],"2":[0,0]},"inputSourceMap":null,"_coverageSchema":"1a1c01bbd47fc00a2c39e90264f33305004495a9","hash":"da790fb3dd45a9f684b2f731495e482e2dfcfc9b"}
,"/Users/thangaakilan/Documents/ACE-25-NODEJS/cdwConnect/utils/userHandling.js": {"path":"/Users/thangaakilan/Documents/ACE-25-NODEJS/cdwConnect/utils/userHandling.js","statementMap":{"0":{"start":{"line":5,"column":23},"end":{"line":16,"column":1}},"1":{"start":{"line":6,"column":18},"end":{"line":6,"column":20}},"2":{"start":{"line":7,"column":4},"end":{"line":7,"column":54}},"3":{"start":{"line":7,"column":31},"end":{"line":7,"column":54}},"4":{"start":{"line":8,"column":4},"end":{"line":8,"column":81}},"5":{"start":{"line":8,"column":34},"end":{"line":8,"column":81}},"6":{"start":{"line":9,"column":4},"end":{"line":9,"column":49}},"7":{"start":{"line":9,"column":29},"end":{"line":9,"column":49}},"8":{"start":{"line":10,"column":4},"end":{"line":10,"column":47}},"9":{"start":{"line":10,"column":28},"end":{"line":10,"column":47}},"10":{"start":{"line":11,"column":17},"end":{"line":13,"column":6}},"11":{"start":{"line":14,"column":4},"end":{"line":14,"column":49}},"12":{"start":{"line":15,"column":4},"end":{"line":15,"column":15}},"13":{"start":{"line":19,"column":24},"end":{"line":22,"column":1}},"14":{"start":{"line":20,"column":18},"end":{"line":20,"column":53}},"15":{"start":{"line":21,"column":4},"end":{"line":21,"column":17}},"16":{"start":{"line":24,"column":35},"end":{"line":28,"column":1}},"17":{"start":{"line":25,"column":21},"end":{"line":25,"column":31}},"18":{"start":{"line":26,"column":4},"end":{"line":26,"column":90}},"19":{"start":{"line":27,"column":4},"end":{"line":27,"column":64}},"20":{"start":{"line":31,"column":26},"end":{"line":34,"column":1}},"21":{"start":{"line":32,"column":4},"end":{"line":32,"column":48}},"22":{"start":{"line":33,"column":4},"end":{"line":33,"column":54}},"23":{"start":{"line":36,"column":32},"end":{"line":48,"column":1}},"24":{"start":{"line":37,"column":19},"end":{"line":39,"column":5}},"25":{"start":{"line":40,"column":25},"end":{"line":40,"column":33}},"26":{"start":{"line":41,"column":4},"end":{"line":43,"column":5}},"27":{"start":{"line":42,"column":8},"end":{"line":42,"column":45}},"28":{"start":{"line":44,"column":4},"end":{"line":44,"column":55}},"29":{"start":{"line":45,"column":20},"end":{"line":45,"column":47}},"30":{"start":{"line":46,"column":4},"end":{"line":46,"column":34}},"31":{"start":{"line":47,"column":4},"end":{"line":47,"column":57}}},"fnMap":{"0":{"name":"(anonymous_0)","decl":{"start":{"line":5,"column":23},"end":{"line":5,"column":24}},"loc":{"start":{"line":5,"column":70},"end":{"line":16,"column":1}},"line":5},"1":{"name":"(anonymous_1)","decl":{"start":{"line":19,"column":24},"end":{"line":19,"column":25}},"loc":{"start":{"line":19,"column":44},"end":{"line":22,"column":1}},"line":19},"2":{"name":"(anonymous_2)","decl":{"start":{"line":24,"column":35},"end":{"line":24,"column":36}},"loc":{"start":{"line":24,"column":98},"end":{"line":28,"column":1}},"line":24},"3":{"name":"(anonymous_3)","decl":{"start":{"line":31,"column":26},"end":{"line":31,"column":27}},"loc":{"start":{"line":31,"column":50},"end":{"line":34,"column":1}},"line":31},"4":{"name":"(anonymous_4)","decl":{"start":{"line":36,"column":32},"end":{"line":36,"column":33}},"loc":{"start":{"line":36,"column":62},"end":{"line":48,"column":1}},"line":36}},"branchMap":{"0":{"loc":{"start":{"line":7,"column":4},"end":{"line":7,"column":54}},"type":"if","locations":[{"start":{"line":7,"column":4},"end":{"line":7,"column":54}},{"start":{},"end":{}}],"line":7},"1":{"loc":{"start":{"line":8,"column":4},"end":{"line":8,"column":81}},"type":"if","locations":[{"start":{"line":8,"column":4},"end":{"line":8,"column":81}},{"start":{},"end":{}}],"line":8},"2":{"loc":{"start":{"line":9,"column":4},"end":{"line":9,"column":49}},"type":"if","locations":[{"start":{"line":9,"column":4},"end":{"line":9,"column":49}},{"start":{},"end":{}}],"line":9},"3":{"loc":{"start":{"line":10,"column":4},"end":{"line":10,"column":47}},"type":"if","locations":[{"start":{"line":10,"column":4},"end":{"line":10,"column":47}},{"start":{},"end":{}}],"line":10},"4":{"loc":{"start":{"line":41,"column":4},"end":{"line":43,"column":5}},"type":"if","locations":[{"start":{"line":41,"column":4},"end":{"line":43,"column":5}},{"start":{},"end":{}}],"line":41}},"s":{"0":1,"1":0,"2":0,"3":0,"4":0,"5":0,"6":0,"7":0,"8":0,"9":0,"10":0,"11":0,"12":0,"13":1,"14":0,"15":0,"16":1,"17":0,"18":0,"19":0,"20":1,"21":0,"22":0,"23":1,"24":0,"25":0,"26":0,"27":0,"28":0,"29":0,"30":0,"31":0},"f":{"0":0,"1":0,"2":0,"3":0,"4":0},"b":{"0":[0,0],"1":[0,0],"2":[0,0],"3":[0,0],"4":[0,0]},"inputSourceMap":null,"_coverageSchema":"1a1c01bbd47fc00a2c39e90264f33305004495a9","hash":"175f4ca9c137fff3cf26c077d2e9fbfd80f3369e"}
}
