TN:
SF:controllers/post.controller.js
FN:4,(anonymous_0)
FN:27,(anonymous_1)
FN:42,(anonymous_2)
FN:59,(anonymous_3)
FN:82,(anonymous_4)
FN:106,(anonymous_5)
FNF:6
FNH:6
FNDA:3,(anonymous_0)
FNDA:2,(anonymous_1)
FNDA:1,(anonymous_2)
FNDA:3,(anonymous_3)
FNDA:2,(anonymous_4)
FNDA:4,(anonymous_5)
DA:4,1
DA:5,3
DA:6,3
DA:7,3
DA:8,3
DA:9,1
DA:10,1
DA:11,1
DA:13,2
DA:14,1
DA:15,1
DA:16,1
DA:18,1
DA:19,1
DA:20,1
DA:23,2
DA:27,1
DA:28,2
DA:29,2
DA:30,2
DA:31,2
DA:32,2
DA:33,2
DA:34,2
DA:37,0
DA:42,1
DA:43,1
DA:44,1
DA:45,1
DA:46,0
DA:47,0
DA:48,0
DA:50,1
DA:51,1
DA:52,1
DA:55,0
DA:59,1
DA:60,3
DA:61,3
DA:62,3
DA:63,3
DA:64,1
DA:65,1
DA:66,1
DA:68,2
DA:69,1
DA:70,1
DA:71,1
DA:73,1
DA:74,1
DA:75,1
DA:78,2
DA:82,1
DA:83,2
DA:84,2
DA:85,2
DA:86,2
DA:87,0
DA:88,0
DA:89,0
DA:91,2
DA:92,1
DA:93,1
DA:94,1
DA:96,1
DA:97,1
DA:98,1
DA:102,1
DA:106,1
DA:107,4
DA:108,4
DA:109,4
DA:110,4
DA:111,4
DA:112,1
DA:113,1
DA:114,1
DA:116,3
DA:117,1
DA:118,1
DA:119,1
DA:121,2
DA:122,1
DA:123,1
DA:124,1
DA:126,1
DA:127,1
DA:128,1
DA:131,3
LF:89
LH:81
BRDA:8,0,0,1
BRDA:8,0,1,2
BRDA:13,1,0,1
BRDA:13,1,1,1
BRDA:31,2,0,1
BRDA:31,2,1,1
BRDA:45,3,0,0
BRDA:45,3,1,1
BRDA:63,4,0,1
BRDA:63,4,1,2
BRDA:68,5,0,1
BRDA:68,5,1,1
BRDA:86,6,0,0
BRDA:86,6,1,2
BRDA:91,7,0,1
BRDA:91,7,1,1
BRDA:111,8,0,1
BRDA:111,8,1,3
BRDA:116,9,0,1
BRDA:116,9,1,2
BRDA:121,10,0,1
BRDA:121,10,1,1
BRF:22
BRH:20
end_of_record
TN:
SF:controllers/search.controller.js
FN:4,(anonymous_0)
FNF:1
FNH:1
FNDA:2,(anonymous_0)
DA:4,1
DA:5,2
DA:6,2
DA:7,2
DA:8,2
LF:5
LH:5
BRF:0
BRH:0
end_of_record
TN:
SF:logger/index.js
FNF:0
FNH:0
DA:3,3
DA:5,3
DA:8,3
DA:19,3
DA:30,3
LF:5
LH:5
BRF:0
BRH:0
end_of_record
TN:
SF:models/User.js
FNF:0
FNH:0
DA:3,1
DA:13,1
DA:15,1
LF:3
LH:3
BRF:0
BRH:0
end_of_record
TN:
SF:services/post.service.js
FN:5,(anonymous_0)
FN:14,(anonymous_1)
FN:23,(anonymous_2)
FN:29,(anonymous_3)
FN:33,(anonymous_4)
FN:37,(anonymous_5)
FNF:6
FNH:5
FNDA:1,(anonymous_0)
FNDA:1,(anonymous_1)
FNDA:1,(anonymous_2)
FNDA:1,(anonymous_3)
FNDA:1,(anonymous_4)
FNDA:0,(anonymous_5)
DA:5,1
DA:6,1
DA:8,1
DA:9,0
DA:11,1
DA:14,1
DA:15,1
DA:17,1
DA:18,1
DA:19,1
DA:20,1
DA:23,1
DA:24,1
DA:25,1
DA:29,1
DA:30,1
DA:33,1
DA:34,1
DA:37,1
DA:38,0
LF:20
LH:18
BRDA:8,0,0,0
BRDA:8,0,1,1
BRDA:8,1,0,1
BRDA:8,1,1,1
BRDA:8,1,2,1
BRDA:8,1,3,1
BRDA:17,2,0,0
BRDA:17,2,1,1
BRDA:17,3,0,1
BRDA:17,3,1,0
BRDA:18,4,0,0
BRDA:18,4,1,1
BRF:12
BRH:8
end_of_record
TN:
SF:services/search.service.js
FN:3,(anonymous_0)
FNF:1
FNH:1
FNDA:1,(anonymous_0)
DA:3,1
DA:4,1
DA:5,1
LF:3
LH:3
BRF:0
BRH:0
end_of_record
TN:
SF:utils/sendMail.js
FN:17,(anonymous_0)
FN:31,(anonymous_1)
FNF:2
FNH:0
FNDA:0,(anonymous_0)
FNDA:0,(anonymous_1)
DA:6,1
DA:17,1
DA:19,0
DA:20,0
DA:22,0
DA:29,0
DA:32,0
DA:33,0
DA:35,0
LF:9
LH:2
BRDA:19,0,0,0
BRDA:19,0,1,0
BRDA:19,1,0,0
BRDA:19,1,1,0
BRDA:32,2,0,0
BRDA:32,2,1,0
BRF:6
BRH:0
end_of_record
TN:
SF:utils/userHandling.js
FN:5,(anonymous_0)
FN:19,(anonymous_1)
FN:24,(anonymous_2)
FN:31,(anonymous_3)
FN:36,(anonymous_4)
FNF:5
FNH:0
FNDA:0,(anonymous_0)
FNDA:0,(anonymous_1)
FNDA:0,(anonymous_2)
FNDA:0,(anonymous_3)
FNDA:0,(anonymous_4)
DA:5,1
DA:6,0
DA:7,0
DA:8,0
DA:9,0
DA:10,0
DA:11,0
DA:14,0
DA:15,0
DA:19,1
DA:20,0
DA:21,0
DA:24,1
DA:25,0
DA:26,0
DA:27,0
DA:31,1
DA:32,0
DA:33,0
DA:36,1
DA:37,0
DA:40,0
DA:41,0
DA:42,0
DA:44,0
DA:45,0
DA:46,0
DA:47,0
LF:28
LH:5
BRDA:7,0,0,0
BRDA:7,0,1,0
BRDA:8,1,0,0
BRDA:8,1,1,0
BRDA:9,2,0,0
BRDA:9,2,1,0
BRDA:10,3,0,0
BRDA:10,3,1,0
BRDA:41,4,0,0
BRDA:41,4,1,0
BRF:10
BRH:0
end_of_record
